<?xml version="1.0" encoding="UTF-8"?>
<testsuite xmlns:xsi="http://www.w3.org/2001/XMLSchema-instance" xsi:noNamespaceSchemaLocation="https://maven.apache.org/surefire/maven-surefire-plugin/xsd/surefire-test-report.xsd" name="dtu.example.CucumberTest" time="1.076" tests="1" errors="0" skipped="0" failures="0">
  <properties>
    <property name="java.specification.version" value="14"/>
    <property name="sun.jnu.encoding" value="UTF-8"/>
    <property name="java.class.path" value="/Users/mathias/OneDrive - Danmarks Tekniske Universitet/DTU/Web Design/Exercises/CucumberExample/target/test-classes:/Users/mathias/OneDrive - Danmarks Tekniske Universitet/DTU/Web Design/Exercises/CucumberExample/target/classes:/Users/mathias/.m2/repository/org/jboss/resteasy/resteasy-client/6.2.2.Final/resteasy-client-6.2.2.Final.jar:/Users/mathias/.m2/repository/org/jboss/resteasy/resteasy-client-api/6.2.2.Final/resteasy-client-api-6.2.2.Final.jar:/Users/mathias/.m2/repository/org/jboss/resteasy/resteasy-core-spi/6.2.2.Final/resteasy-core-spi-6.2.2.Final.jar:/Users/mathias/.m2/repository/jakarta/annotation/jakarta.annotation-api/2.1.1/jakarta.annotation-api-2.1.1.jar:/Users/mathias/.m2/repository/jakarta/validation/jakarta.validation-api/3.0.2/jakarta.validation-api-3.0.2.jar:/Users/mathias/.m2/repository/org/jboss/resteasy/resteasy-core/6.2.2.Final/resteasy-core-6.2.2.Final.jar:/Users/mathias/.m2/repository/org/jboss/jandex/2.4.3.Final/jandex-2.4.3.Final.jar:/Users/mathias/.m2/repository/jakarta/activation/jakarta.activation-api/2.1.0/jakarta.activation-api-2.1.0.jar:/Users/mathias/.m2/repository/com/ibm/async/asyncutil/0.1.0/asyncutil-0.1.0.jar:/Users/mathias/.m2/repository/org/jboss/logging/jboss-logging/3.5.0.Final/jboss-logging-3.5.0.Final.jar:/Users/mathias/.m2/repository/org/apache/httpcomponents/httpclient/4.5.14/httpclient-4.5.14.jar:/Users/mathias/.m2/repository/org/apache/httpcomponents/httpcore/4.4.16/httpcore-4.4.16.jar:/Users/mathias/.m2/repository/commons-logging/commons-logging/1.2/commons-logging-1.2.jar:/Users/mathias/.m2/repository/commons-codec/commons-codec/1.15/commons-codec-1.15.jar:/Users/mathias/.m2/repository/jakarta/ws/rs/jakarta.ws.rs-api/3.1.0/jakarta.ws.rs-api-3.1.0.jar:/Users/mathias/.m2/repository/org/reactivestreams/reactive-streams/1.0.4/reactive-streams-1.0.4.jar:/Users/mathias/.m2/repository/io/quarkus/quarkus-resteasy-jsonb/3.0.0.Alpha2/quarkus-resteasy-jsonb-3.0.0.Alpha2.jar:/Users/mathias/.m2/repository/io/quarkus/quarkus-resteasy/3.0.0.Alpha2/quarkus-resteasy-3.0.0.Alpha2.jar:/Users/mathias/.m2/repository/io/quarkus/quarkus-vertx-http/3.0.0.Alpha2/quarkus-vertx-http-3.0.0.Alpha2.jar:/Users/mathias/.m2/repository/io/quarkus/quarkus-security-runtime-spi/3.0.0.Alpha2/quarkus-security-runtime-spi-3.0.0.Alpha2.jar:/Users/mathias/.m2/repository/io/quarkus/quarkus-credentials/3.0.0.Alpha2/quarkus-credentials-3.0.0.Alpha2.jar:/Users/mathias/.m2/repository/io/quarkus/quarkus-mutiny/3.0.0.Alpha2/quarkus-mutiny-3.0.0.Alpha2.jar:/Users/mathias/.m2/repository/io/smallrye/reactive/mutiny/1.8.0/mutiny-1.8.0.jar:/Users/mathias/.m2/repository/io/quarkus/quarkus-smallrye-context-propagation/3.0.0.Alpha2/quarkus-smallrye-context-propagation-3.0.0.Alpha2.jar:/Users/mathias/.m2/repository/io/smallrye/smallrye-context-propagation/2.0.0/smallrye-context-propagation-2.0.0.jar:/Users/mathias/.m2/repository/io/smallrye/smallrye-context-propagation-api/2.0.0/smallrye-context-propagation-api-2.0.0.jar:/Users/mathias/.m2/repository/io/smallrye/smallrye-context-propagation-storage/2.0.0/smallrye-context-propagation-storage-2.0.0.jar:/Users/mathias/.m2/repository/io/smallrye/reactive/mutiny-smallrye-context-propagation/1.8.0/mutiny-smallrye-context-propagation-1.8.0.jar:/Users/mathias/.m2/repository/io/smallrye/common/smallrye-common-vertx-context/2.0.0/smallrye-common-vertx-context-2.0.0.jar:/Users/mathias/.m2/repository/io/vertx/vertx-core/4.3.3/vertx-core-4.3.3.jar:/Users/mathias/.m2/repository/io/netty/netty-common/4.1.78.Final/netty-common-4.1.78.Final.jar:/Users/mathias/.m2/repository/io/netty/netty-buffer/4.1.78.Final/netty-buffer-4.1.78.Final.jar:/Users/mathias/.m2/repository/io/netty/netty-transport/4.1.78.Final/netty-transport-4.1.78.Final.jar:/Users/mathias/.m2/repository/io/netty/netty-handler/4.1.78.Final/netty-handler-4.1.78.Final.jar:/Users/mathias/.m2/repository/io/netty/netty-transport-native-unix-common/4.1.78.Final/netty-transport-native-unix-common-4.1.78.Final.jar:/Users/mathias/.m2/repository/io/netty/netty-handler-proxy/4.1.78.Final/netty-handler-proxy-4.1.78.Final.jar:/Users/mathias/.m2/repository/io/netty/netty-codec-socks/4.1.78.Final/netty-codec-socks-4.1.78.Final.jar:/Users/mathias/.m2/repository/io/netty/netty-codec-http/4.1.78.Final/netty-codec-http-4.1.78.Final.jar:/Users/mathias/.m2/repository/io/netty/netty-codec-http2/4.1.78.Final/netty-codec-http2-4.1.78.Final.jar:/Users/mathias/.m2/repository/io/netty/netty-resolver/4.1.78.Final/netty-resolver-4.1.78.Final.jar:/Users/mathias/.m2/repository/io/netty/netty-resolver-dns/4.1.78.Final/netty-resolver-dns-4.1.78.Final.jar:/Users/mathias/.m2/repository/io/netty/netty-codec-dns/4.1.78.Final/netty-codec-dns-4.1.78.Final.jar:/Users/mathias/.m2/repository/com/fasterxml/jackson/core/jackson-core/2.13.2/jackson-core-2.13.2.jar:/Users/mathias/.m2/repository/io/smallrye/common/smallrye-common-constraint/2.0.0/smallrye-common-constraint-2.0.0.jar:/Users/mathias/.m2/repository/io/quarkus/quarkus-vertx-http-dev-console-runtime-spi/3.0.0.Alpha2/quarkus-vertx-http-dev-console-runtime-spi-3.0.0.Alpha2.jar:/Users/mathias/.m2/repository/io/quarkus/security/quarkus-security/2.0.0.Alpha2/quarkus-security-2.0.0.Alpha2.jar:/Users/mathias/.m2/repository/io/quarkus/quarkus-vertx/3.0.0.Alpha2/quarkus-vertx-3.0.0.Alpha2.jar:/Users/mathias/.m2/repository/io/quarkus/quarkus-netty/3.0.0.Alpha2/quarkus-netty-3.0.0.Alpha2.jar:/Users/mathias/.m2/repository/io/netty/netty-codec/4.1.82.Final/netty-codec-4.1.82.Final.jar:/Users/mathias/.m2/repository/com/aayushatharva/brotli4j/brotli4j/1.7.1/brotli4j-1.7.1.jar:/Users/mathias/.m2/repository/com/aayushatharva/brotli4j/native-osx-x86_64/1.7.1/native-osx-x86_64-1.7.1.jar:/Users/mathias/.m2/repository/io/netty/netty-codec-haproxy/4.1.82.Final/netty-codec-haproxy-4.1.82.Final.jar:/Users/mathias/.m2/repository/io/smallrye/common/smallrye-common-annotation/2.0.0/smallrye-common-annotation-2.0.0.jar:/Users/mathias/.m2/repository/io/quarkus/quarkus-vertx-latebound-mdc-provider/3.0.0.Alpha2/quarkus-vertx-latebound-mdc-provider-3.0.0.Alpha2.jar:/Users/mathias/.m2/repository/io/smallrye/reactive/smallrye-mutiny-vertx-core/2.27.0/smallrye-mutiny-vertx-core-2.27.0.jar:/Users/mathias/.m2/repository/io/smallrye/reactive/smallrye-mutiny-vertx-runtime/2.27.0/smallrye-mutiny-vertx-runtime-2.27.0.jar:/Users/mathias/.m2/repository/io/smallrye/reactive/vertx-mutiny-generator/2.27.0/vertx-mutiny-generator-2.27.0.jar:/Users/mathias/.m2/repository/io/vertx/vertx-codegen/4.3.4/vertx-codegen-4.3.4.jar:/Users/mathias/.m2/repository/io/smallrye/smallrye-fault-tolerance-vertx/6.0.0-RC4/smallrye-fault-tolerance-vertx-6.0.0-RC4.jar:/Users/mathias/.m2/repository/io/smallrye/reactive/smallrye-mutiny-vertx-web/2.27.0/smallrye-mutiny-vertx-web-2.27.0.jar:/Users/mathias/.m2/repository/io/smallrye/reactive/smallrye-mutiny-vertx-web-common/2.27.0/smallrye-mutiny-vertx-web-common-2.27.0.jar:/Users/mathias/.m2/repository/io/smallrye/reactive/smallrye-mutiny-vertx-auth-common/2.27.0/smallrye-mutiny-vertx-auth-common-2.27.0.jar:/Users/mathias/.m2/repository/io/smallrye/reactive/smallrye-mutiny-vertx-bridge-common/2.27.0/smallrye-mutiny-vertx-bridge-common-2.27.0.jar:/Users/mathias/.m2/repository/io/smallrye/reactive/smallrye-mutiny-vertx-uri-template/2.27.0/smallrye-mutiny-vertx-uri-template-2.27.0.jar:/Users/mathias/.m2/repository/io/vertx/vertx-uri-template/4.3.4/vertx-uri-template-4.3.4.jar:/Users/mathias/.m2/repository/io/vertx/vertx-web/4.3.4/vertx-web-4.3.4.jar:/Users/mathias/.m2/repository/io/vertx/vertx-web-common/4.3.4/vertx-web-common-4.3.4.jar:/Users/mathias/.m2/repository/io/vertx/vertx-auth-common/4.3.4/vertx-auth-common-4.3.4.jar:/Users/mathias/.m2/repository/io/vertx/vertx-bridge-common/4.3.4/vertx-bridge-common-4.3.4.jar:/Users/mathias/.m2/repository/io/github/crac/org-crac/0.1.1/org-crac-0.1.1.jar:/Users/mathias/.m2/repository/io/quarkus/quarkus-resteasy-server-common/3.0.0.Alpha2/quarkus-resteasy-server-common-3.0.0.Alpha2.jar:/Users/mathias/.m2/repository/io/quarkus/quarkus-resteasy-common/3.0.0.Alpha2/quarkus-resteasy-common-3.0.0.Alpha2.jar:/Users/mathias/.m2/repository/org/jboss/resteasy/resteasy-cdi/6.2.1.Final/resteasy-cdi-6.2.1.Final.jar:/Users/mathias/.m2/repository/org/jboss/weld/weld-api/5.0.SP2/weld-api-5.0.SP2.jar:/Users/mathias/.m2/repository/org/jboss/resteasy/microprofile/microprofile-config/2.0.0.Final/microprofile-config-2.0.0.Final.jar:/Users/mathias/.m2/repository/jakarta/servlet/jakarta.servlet-api/5.0.0/jakarta.servlet-api-5.0.0.jar:/Users/mathias/.m2/repository/org/eclipse/microprofile/config/microprofile-config-api/3.0.1/microprofile-config-api-3.0.1.jar:/Users/mathias/.m2/repository/io/quarkus/quarkus-jsonb/3.0.0.Alpha2/quarkus-jsonb-3.0.0.Alpha2.jar:/Users/mathias/.m2/repository/org/eclipse/yasson/3.0.2/yasson-3.0.2.jar:/Users/mathias/.m2/repository/io/quarkus/quarkus-core/3.0.0.Alpha2/quarkus-core-3.0.0.Alpha2.jar:/Users/mathias/.m2/repository/jakarta/enterprise/jakarta.enterprise.cdi-api/4.0.1/jakarta.enterprise.cdi-api-4.0.1.jar:/Users/mathias/.m2/repository/jakarta/enterprise/jakarta.enterprise.lang-model/4.0.1/jakarta.enterprise.lang-model-4.0.1.jar:/Users/mathias/.m2/repository/jakarta/el/jakarta.el-api/5.0.0/jakarta.el-api-5.0.0.jar:/Users/mathias/.m2/repository/jakarta/interceptor/jakarta.interceptor-api/2.1.0/jakarta.interceptor-api-2.1.0.jar:/Users/mathias/.m2/repository/jakarta/inject/jakarta.inject-api/2.0.1/jakarta.inject-api-2.0.1.jar:/Users/mathias/.m2/repository/io/quarkus/quarkus-ide-launcher/3.0.0.Alpha2/quarkus-ide-launcher-3.0.0.Alpha2.jar:/Users/mathias/.m2/repository/io/quarkus/quarkus-development-mode-spi/3.0.0.Alpha2/quarkus-development-mode-spi-3.0.0.Alpha2.jar:/Users/mathias/.m2/repository/io/smallrye/config/smallrye-config/3.0.0/smallrye-config-3.0.0.jar:/Users/mathias/.m2/repository/io/smallrye/config/smallrye-config-core/3.0.0/smallrye-config-core-3.0.0.jar:/Users/mathias/.m2/repository/io/smallrye/common/smallrye-common-expression/2.0.0/smallrye-common-expression-2.0.0.jar:/Users/mathias/.m2/repository/io/smallrye/common/smallrye-common-function/2.0.0/smallrye-common-function-2.0.0.jar:/Users/mathias/.m2/repository/io/smallrye/common/smallrye-common-classloader/2.0.0/smallrye-common-classloader-2.0.0.jar:/Users/mathias/.m2/repository/org/ow2/asm/asm/9.3/asm-9.3.jar:/Users/mathias/.m2/repository/io/smallrye/config/smallrye-config-common/3.0.0/smallrye-config-common-3.0.0.jar:/Users/mathias/.m2/repository/org/jboss/logmanager/jboss-logmanager-embedded/1.1.1/jboss-logmanager-embedded-1.1.1.jar:/Users/mathias/.m2/repository/org/jboss/logging/jboss-logging-annotations/2.2.1.Final/jboss-logging-annotations-2.2.1.Final.jar:/Users/mathias/.m2/repository/org/jboss/threads/jboss-threads/3.4.3.Final/jboss-threads-3.4.3.Final.jar:/Users/mathias/.m2/repository/org/slf4j/slf4j-api/1.7.36/slf4j-api-1.7.36.jar:/Users/mathias/.m2/repository/org/jboss/slf4j/slf4j-jboss-logmanager/1.2.0.Final/slf4j-jboss-logmanager-1.2.0.Final.jar:/Users/mathias/.m2/repository/org/graalvm/sdk/graal-sdk/22.3.0/graal-sdk-22.3.0.jar:/Users/mathias/.m2/repository/org/wildfly/common/wildfly-common/1.5.4.Final-format-001/wildfly-common-1.5.4.Final-format-001.jar:/Users/mathias/.m2/repository/io/quarkus/quarkus-bootstrap-runner/3.0.0.Alpha2/quarkus-bootstrap-runner-3.0.0.Alpha2.jar:/Users/mathias/.m2/repository/io/smallrye/common/smallrye-common-io/2.0.0/smallrye-common-io-2.0.0.jar:/Users/mathias/.m2/repository/io/quarkus/quarkus-fs-util/0.0.9/quarkus-fs-util-0.0.9.jar:/Users/mathias/.m2/repository/io/quarkus/quarkus-arc/3.0.0.Alpha2/quarkus-arc-3.0.0.Alpha2.jar:/Users/mathias/.m2/repository/io/quarkus/arc/arc/3.0.0.Alpha2/arc-3.0.0.Alpha2.jar:/Users/mathias/.m2/repository/jakarta/transaction/jakarta.transaction-api/2.0.1/jakarta.transaction-api-2.0.1.jar:/Users/mathias/.m2/repository/org/eclipse/microprofile/context-propagation/microprofile-context-propagation-api/1.3/microprofile-context-propagation-api-1.3.jar:/Users/mathias/.m2/repository/io/quarkus/quarkus-jsonp/3.0.0.Alpha2/quarkus-jsonp-3.0.0.Alpha2.jar:/Users/mathias/.m2/repository/org/jboss/resteasy/resteasy-json-binding-provider/6.2.1.Final/resteasy-json-binding-provider-6.2.1.Final.jar:/Users/mathias/.m2/repository/org/eclipse/parsson/parsson/1.1.1/parsson-1.1.1.jar:/Users/mathias/.m2/repository/jakarta/json/bind/jakarta.json.bind-api/3.0.0/jakarta.json.bind-api-3.0.0.jar:/Users/mathias/.m2/repository/org/jboss/resteasy/resteasy-json-p-provider/6.2.1.Final/resteasy-json-p-provider-6.2.1.Final.jar:/Users/mathias/.m2/repository/jakarta/json/jakarta.json-api/2.1.1/jakarta.json-api-2.1.1.jar:/Users/mathias/.m2/repository/commons-io/commons-io/2.11.0/commons-io-2.11.0.jar:/Users/mathias/.m2/repository/io/quarkus/quarkus-resteasy-jaxb/3.0.0.Alpha2/quarkus-resteasy-jaxb-3.0.0.Alpha2.jar:/Users/mathias/.m2/repository/io/quarkus/quarkus-jaxb/3.0.0.Alpha2/quarkus-jaxb-3.0.0.Alpha2.jar:/Users/mathias/.m2/repository/io/quarkus/quarkus-jaxp/3.0.0.Alpha2/quarkus-jaxp-3.0.0.Alpha2.jar:/Users/mathias/.m2/repository/org/glassfish/jaxb/jaxb-runtime/4.0.1/jaxb-runtime-4.0.1.jar:/Users/mathias/.m2/repository/org/glassfish/jaxb/jaxb-core/4.0.1/jaxb-core-4.0.1.jar:/Users/mathias/.m2/repository/org/glassfish/jaxb/txw2/4.0.1/txw2-4.0.1.jar:/Users/mathias/.m2/repository/com/sun/istack/istack-commons-runtime/4.1.1/istack-commons-runtime-4.1.1.jar:/Users/mathias/.m2/repository/org/jboss/resteasy/resteasy-jaxb-provider/6.2.1.Final/resteasy-jaxb-provider-6.2.1.Final.jar:/Users/mathias/.m2/repository/org/glassfish/jaxb/codemodel/4.0.1/codemodel-4.0.1.jar:/Users/mathias/.m2/repository/org/glassfish/jaxb/jaxb-jxc/4.0.1/jaxb-jxc-4.0.1.jar:/Users/mathias/.m2/repository/org/glassfish/jaxb/jaxb-xjc/4.0.1/jaxb-xjc-4.0.1.jar:/Users/mathias/.m2/repository/org/glassfish/jaxb/xsom/4.0.1/xsom-4.0.1.jar:/Users/mathias/.m2/repository/com/sun/istack/istack-commons-tools/4.1.1/istack-commons-tools-4.1.1.jar:/Users/mathias/.m2/repository/com/sun/xml/bind/external/relaxng-datatype/4.0.1/relaxng-datatype-4.0.1.jar:/Users/mathias/.m2/repository/com/sun/xml/bind/external/rngom/4.0.1/rngom-4.0.1.jar:/Users/mathias/.m2/repository/org/eclipse/angus/angus-activation/1.0.0/angus-activation-1.0.0.jar:/Users/mathias/.m2/repository/jakarta/xml/bind/jakarta.xml.bind-api/4.0.0/jakarta.xml.bind-api-4.0.0.jar:/Users/mathias/.m2/repository/io/cucumber/cucumber-java/7.9.0/cucumber-java-7.9.0.jar:/Users/mathias/.m2/repository/io/cucumber/cucumber-core/7.9.0/cucumber-core-7.9.0.jar:/Users/mathias/.m2/repository/io/cucumber/cucumber-gherkin/7.9.0/cucumber-gherkin-7.9.0.jar:/Users/mathias/.m2/repository/io/cucumber/cucumber-gherkin-messages/7.9.0/cucumber-gherkin-messages-7.9.0.jar:/Users/mathias/.m2/repository/io/cucumber/gherkin/24.1.0/gherkin-24.1.0.jar:/Users/mathias/.m2/repository/io/cucumber/messages/19.1.4/messages-19.1.4.jar:/Users/mathias/.m2/repository/io/cucumber/tag-expressions/4.1.0/tag-expressions-4.1.0.jar:/Users/mathias/.m2/repository/io/cucumber/cucumber-expressions/16.0.0/cucumber-expressions-16.0.0.jar:/Users/mathias/.m2/repository/io/cucumber/datatable/7.9.0/datatable-7.9.0.jar:/Users/mathias/.m2/repository/io/cucumber/cucumber-plugin/7.9.0/cucumber-plugin-7.9.0.jar:/Users/mathias/.m2/repository/io/cucumber/docstring/7.9.0/docstring-7.9.0.jar:/Users/mathias/.m2/repository/io/cucumber/html-formatter/20.1.0/html-formatter-20.1.0.jar:/Users/mathias/.m2/repository/io/cucumber/ci-environment/9.1.0/ci-environment-9.1.0.jar:/Users/mathias/.m2/repository/org/apiguardian/apiguardian-api/1.1.2/apiguardian-api-1.1.2.jar:/Users/mathias/.m2/repository/io/cucumber/cucumber-junit/7.9.0/cucumber-junit-7.9.0.jar:/Users/mathias/.m2/repository/junit/junit/4.13.2/junit-4.13.2.jar:/Users/mathias/.m2/repository/org/hamcrest/hamcrest-core/1.3/hamcrest-core-1.3.jar:/Users/mathias/.m2/repository/io/cucumber/cucumber-picocontainer/7.9.0/cucumber-picocontainer-7.9.0.jar:/Users/mathias/.m2/repository/org/picocontainer/picocontainer/2.15/picocontainer-2.15.jar:/Users/mathias/.m2/repository/org/junit/jupiter/junit-jupiter-engine/5.9.1/junit-jupiter-engine-5.9.1.jar:/Users/mathias/.m2/repository/org/junit/platform/junit-platform-engine/1.9.1/junit-platform-engine-1.9.1.jar:/Users/mathias/.m2/repository/org/opentest4j/opentest4j/1.2.0/opentest4j-1.2.0.jar:/Users/mathias/.m2/repository/org/junit/platform/junit-platform-commons/1.9.1/junit-platform-commons-1.9.1.jar:/Users/mathias/.m2/repository/org/junit/jupiter/junit-jupiter-api/5.9.1/junit-jupiter-api-5.9.1.jar:/Users/mathias/.m2/repository/org/junit/vintage/junit-vintage-engine/5.9.1/junit-vintage-engine-5.9.1.jar:/Users/mathias/.m2/repository/org/junit/platform/junit-platform-runner/1.9.1/junit-platform-runner-1.9.1.jar:/Users/mathias/.m2/repository/org/junit/platform/junit-platform-launcher/1.9.1/junit-platform-launcher-1.9.1.jar:/Users/mathias/.m2/repository/org/junit/platform/junit-platform-suite-api/1.9.1/junit-platform-suite-api-1.9.1.jar:/Users/mathias/.m2/repository/org/junit/platform/junit-platform-suite-commons/1.9.1/junit-platform-suite-commons-1.9.1.jar:/Users/mathias/.m2/repository/org/mockito/mockito-core/4.8.1/mockito-core-4.8.1.jar:/Users/mathias/.m2/repository/net/bytebuddy/byte-buddy/1.12.16/byte-buddy-1.12.16.jar:/Users/mathias/.m2/repository/net/bytebuddy/byte-buddy-agent/1.12.16/byte-buddy-agent-1.12.16.jar:/Users/mathias/.m2/repository/org/objenesis/objenesis/3.2/objenesis-3.2.jar:"/>
    <property name="java.vm.vendor" value="Oracle Corporation"/>
    <property name="sun.arch.data.model" value="64"/>
    <property name="java.vendor.url" value="https://java.oracle.com/"/>
    <property name="os.name" value="Mac OS X"/>
    <property name="java.vm.specification.version" value="14"/>
    <property name="sun.java.launcher" value="SUN_STANDARD"/>
    <property name="user.country" value="US"/>
    <property name="sun.boot.library.path" value="/Users/mathias/.p2/pool/plugins/org.eclipse.justj.openjdk.hotspot.jre.full.macosx.x86_64_14.0.2.v20200815-0932/jre/lib"/>
    <property name="sun.java.command" value="/Users/mathias/OneDrive - Danmarks Tekniske Universitet/DTU/Web Design/Exercises/CucumberExample/target/surefire/surefirebooter12134549809304820051.jar /Users/mathias/OneDrive - Danmarks Tekniske Universitet/DTU/Web Design/Exercises/CucumberExample/target/surefire 2023-01-03T11-45-56_170-jvmRun1 surefire18023011816757189621tmp surefire_09941778221220087274tmp"/>
    <property name="http.nonProxyHosts" value="local|*.local|169.254/16|*.169.254/16"/>
    <property name="jdk.debug" value="release"/>
    <property name="surefire.test.class.path" value="/Users/mathias/OneDrive - Danmarks Tekniske Universitet/DTU/Web Design/Exercises/CucumberExample/target/test-classes:/Users/mathias/OneDrive - Danmarks Tekniske Universitet/DTU/Web Design/Exercises/CucumberExample/target/classes:/Users/mathias/.m2/repository/org/jboss/resteasy/resteasy-client/6.2.2.Final/resteasy-client-6.2.2.Final.jar:/Users/mathias/.m2/repository/org/jboss/resteasy/resteasy-client-api/6.2.2.Final/resteasy-client-api-6.2.2.Final.jar:/Users/mathias/.m2/repository/org/jboss/resteasy/resteasy-core-spi/6.2.2.Final/resteasy-core-spi-6.2.2.Final.jar:/Users/mathias/.m2/repository/jakarta/annotation/jakarta.annotation-api/2.1.1/jakarta.annotation-api-2.1.1.jar:/Users/mathias/.m2/repository/jakarta/validation/jakarta.validation-api/3.0.2/jakarta.validation-api-3.0.2.jar:/Users/mathias/.m2/repository/org/jboss/resteasy/resteasy-core/6.2.2.Final/resteasy-core-6.2.2.Final.jar:/Users/mathias/.m2/repository/org/jboss/jandex/2.4.3.Final/jandex-2.4.3.Final.jar:/Users/mathias/.m2/repository/jakarta/activation/jakarta.activation-api/2.1.0/jakarta.activation-api-2.1.0.jar:/Users/mathias/.m2/repository/com/ibm/async/asyncutil/0.1.0/asyncutil-0.1.0.jar:/Users/mathias/.m2/repository/org/jboss/logging/jboss-logging/3.5.0.Final/jboss-logging-3.5.0.Final.jar:/Users/mathias/.m2/repository/org/apache/httpcomponents/httpclient/4.5.14/httpclient-4.5.14.jar:/Users/mathias/.m2/repository/org/apache/httpcomponents/httpcore/4.4.16/httpcore-4.4.16.jar:/Users/mathias/.m2/repository/commons-logging/commons-logging/1.2/commons-logging-1.2.jar:/Users/mathias/.m2/repository/commons-codec/commons-codec/1.15/commons-codec-1.15.jar:/Users/mathias/.m2/repository/jakarta/ws/rs/jakarta.ws.rs-api/3.1.0/jakarta.ws.rs-api-3.1.0.jar:/Users/mathias/.m2/repository/org/reactivestreams/reactive-streams/1.0.4/reactive-streams-1.0.4.jar:/Users/mathias/.m2/repository/io/quarkus/quarkus-resteasy-jsonb/3.0.0.Alpha2/quarkus-resteasy-jsonb-3.0.0.Alpha2.jar:/Users/mathias/.m2/repository/io/quarkus/quarkus-resteasy/3.0.0.Alpha2/quarkus-resteasy-3.0.0.Alpha2.jar:/Users/mathias/.m2/repository/io/quarkus/quarkus-vertx-http/3.0.0.Alpha2/quarkus-vertx-http-3.0.0.Alpha2.jar:/Users/mathias/.m2/repository/io/quarkus/quarkus-security-runtime-spi/3.0.0.Alpha2/quarkus-security-runtime-spi-3.0.0.Alpha2.jar:/Users/mathias/.m2/repository/io/quarkus/quarkus-credentials/3.0.0.Alpha2/quarkus-credentials-3.0.0.Alpha2.jar:/Users/mathias/.m2/repository/io/quarkus/quarkus-mutiny/3.0.0.Alpha2/quarkus-mutiny-3.0.0.Alpha2.jar:/Users/mathias/.m2/repository/io/smallrye/reactive/mutiny/1.8.0/mutiny-1.8.0.jar:/Users/mathias/.m2/repository/io/quarkus/quarkus-smallrye-context-propagation/3.0.0.Alpha2/quarkus-smallrye-context-propagation-3.0.0.Alpha2.jar:/Users/mathias/.m2/repository/io/smallrye/smallrye-context-propagation/2.0.0/smallrye-context-propagation-2.0.0.jar:/Users/mathias/.m2/repository/io/smallrye/smallrye-context-propagation-api/2.0.0/smallrye-context-propagation-api-2.0.0.jar:/Users/mathias/.m2/repository/io/smallrye/smallrye-context-propagation-storage/2.0.0/smallrye-context-propagation-storage-2.0.0.jar:/Users/mathias/.m2/repository/io/smallrye/reactive/mutiny-smallrye-context-propagation/1.8.0/mutiny-smallrye-context-propagation-1.8.0.jar:/Users/mathias/.m2/repository/io/smallrye/common/smallrye-common-vertx-context/2.0.0/smallrye-common-vertx-context-2.0.0.jar:/Users/mathias/.m2/repository/io/vertx/vertx-core/4.3.3/vertx-core-4.3.3.jar:/Users/mathias/.m2/repository/io/netty/netty-common/4.1.78.Final/netty-common-4.1.78.Final.jar:/Users/mathias/.m2/repository/io/netty/netty-buffer/4.1.78.Final/netty-buffer-4.1.78.Final.jar:/Users/mathias/.m2/repository/io/netty/netty-transport/4.1.78.Final/netty-transport-4.1.78.Final.jar:/Users/mathias/.m2/repository/io/netty/netty-handler/4.1.78.Final/netty-handler-4.1.78.Final.jar:/Users/mathias/.m2/repository/io/netty/netty-transport-native-unix-common/4.1.78.Final/netty-transport-native-unix-common-4.1.78.Final.jar:/Users/mathias/.m2/repository/io/netty/netty-handler-proxy/4.1.78.Final/netty-handler-proxy-4.1.78.Final.jar:/Users/mathias/.m2/repository/io/netty/netty-codec-socks/4.1.78.Final/netty-codec-socks-4.1.78.Final.jar:/Users/mathias/.m2/repository/io/netty/netty-codec-http/4.1.78.Final/netty-codec-http-4.1.78.Final.jar:/Users/mathias/.m2/repository/io/netty/netty-codec-http2/4.1.78.Final/netty-codec-http2-4.1.78.Final.jar:/Users/mathias/.m2/repository/io/netty/netty-resolver/4.1.78.Final/netty-resolver-4.1.78.Final.jar:/Users/mathias/.m2/repository/io/netty/netty-resolver-dns/4.1.78.Final/netty-resolver-dns-4.1.78.Final.jar:/Users/mathias/.m2/repository/io/netty/netty-codec-dns/4.1.78.Final/netty-codec-dns-4.1.78.Final.jar:/Users/mathias/.m2/repository/com/fasterxml/jackson/core/jackson-core/2.13.2/jackson-core-2.13.2.jar:/Users/mathias/.m2/repository/io/smallrye/common/smallrye-common-constraint/2.0.0/smallrye-common-constraint-2.0.0.jar:/Users/mathias/.m2/repository/io/quarkus/quarkus-vertx-http-dev-console-runtime-spi/3.0.0.Alpha2/quarkus-vertx-http-dev-console-runtime-spi-3.0.0.Alpha2.jar:/Users/mathias/.m2/repository/io/quarkus/security/quarkus-security/2.0.0.Alpha2/quarkus-security-2.0.0.Alpha2.jar:/Users/mathias/.m2/repository/io/quarkus/quarkus-vertx/3.0.0.Alpha2/quarkus-vertx-3.0.0.Alpha2.jar:/Users/mathias/.m2/repository/io/quarkus/quarkus-netty/3.0.0.Alpha2/quarkus-netty-3.0.0.Alpha2.jar:/Users/mathias/.m2/repository/io/netty/netty-codec/4.1.82.Final/netty-codec-4.1.82.Final.jar:/Users/mathias/.m2/repository/com/aayushatharva/brotli4j/brotli4j/1.7.1/brotli4j-1.7.1.jar:/Users/mathias/.m2/repository/com/aayushatharva/brotli4j/native-osx-x86_64/1.7.1/native-osx-x86_64-1.7.1.jar:/Users/mathias/.m2/repository/io/netty/netty-codec-haproxy/4.1.82.Final/netty-codec-haproxy-4.1.82.Final.jar:/Users/mathias/.m2/repository/io/smallrye/common/smallrye-common-annotation/2.0.0/smallrye-common-annotation-2.0.0.jar:/Users/mathias/.m2/repository/io/quarkus/quarkus-vertx-latebound-mdc-provider/3.0.0.Alpha2/quarkus-vertx-latebound-mdc-provider-3.0.0.Alpha2.jar:/Users/mathias/.m2/repository/io/smallrye/reactive/smallrye-mutiny-vertx-core/2.27.0/smallrye-mutiny-vertx-core-2.27.0.jar:/Users/mathias/.m2/repository/io/smallrye/reactive/smallrye-mutiny-vertx-runtime/2.27.0/smallrye-mutiny-vertx-runtime-2.27.0.jar:/Users/mathias/.m2/repository/io/smallrye/reactive/vertx-mutiny-generator/2.27.0/vertx-mutiny-generator-2.27.0.jar:/Users/mathias/.m2/repository/io/vertx/vertx-codegen/4.3.4/vertx-codegen-4.3.4.jar:/Users/mathias/.m2/repository/io/smallrye/smallrye-fault-tolerance-vertx/6.0.0-RC4/smallrye-fault-tolerance-vertx-6.0.0-RC4.jar:/Users/mathias/.m2/repository/io/smallrye/reactive/smallrye-mutiny-vertx-web/2.27.0/smallrye-mutiny-vertx-web-2.27.0.jar:/Users/mathias/.m2/repository/io/smallrye/reactive/smallrye-mutiny-vertx-web-common/2.27.0/smallrye-mutiny-vertx-web-common-2.27.0.jar:/Users/mathias/.m2/repository/io/smallrye/reactive/smallrye-mutiny-vertx-auth-common/2.27.0/smallrye-mutiny-vertx-auth-common-2.27.0.jar:/Users/mathias/.m2/repository/io/smallrye/reactive/smallrye-mutiny-vertx-bridge-common/2.27.0/smallrye-mutiny-vertx-bridge-common-2.27.0.jar:/Users/mathias/.m2/repository/io/smallrye/reactive/smallrye-mutiny-vertx-uri-template/2.27.0/smallrye-mutiny-vertx-uri-template-2.27.0.jar:/Users/mathias/.m2/repository/io/vertx/vertx-uri-template/4.3.4/vertx-uri-template-4.3.4.jar:/Users/mathias/.m2/repository/io/vertx/vertx-web/4.3.4/vertx-web-4.3.4.jar:/Users/mathias/.m2/repository/io/vertx/vertx-web-common/4.3.4/vertx-web-common-4.3.4.jar:/Users/mathias/.m2/repository/io/vertx/vertx-auth-common/4.3.4/vertx-auth-common-4.3.4.jar:/Users/mathias/.m2/repository/io/vertx/vertx-bridge-common/4.3.4/vertx-bridge-common-4.3.4.jar:/Users/mathias/.m2/repository/io/github/crac/org-crac/0.1.1/org-crac-0.1.1.jar:/Users/mathias/.m2/repository/io/quarkus/quarkus-resteasy-server-common/3.0.0.Alpha2/quarkus-resteasy-server-common-3.0.0.Alpha2.jar:/Users/mathias/.m2/repository/io/quarkus/quarkus-resteasy-common/3.0.0.Alpha2/quarkus-resteasy-common-3.0.0.Alpha2.jar:/Users/mathias/.m2/repository/org/jboss/resteasy/resteasy-cdi/6.2.1.Final/resteasy-cdi-6.2.1.Final.jar:/Users/mathias/.m2/repository/org/jboss/weld/weld-api/5.0.SP2/weld-api-5.0.SP2.jar:/Users/mathias/.m2/repository/org/jboss/resteasy/microprofile/microprofile-config/2.0.0.Final/microprofile-config-2.0.0.Final.jar:/Users/mathias/.m2/repository/jakarta/servlet/jakarta.servlet-api/5.0.0/jakarta.servlet-api-5.0.0.jar:/Users/mathias/.m2/repository/org/eclipse/microprofile/config/microprofile-config-api/3.0.1/microprofile-config-api-3.0.1.jar:/Users/mathias/.m2/repository/io/quarkus/quarkus-jsonb/3.0.0.Alpha2/quarkus-jsonb-3.0.0.Alpha2.jar:/Users/mathias/.m2/repository/org/eclipse/yasson/3.0.2/yasson-3.0.2.jar:/Users/mathias/.m2/repository/io/quarkus/quarkus-core/3.0.0.Alpha2/quarkus-core-3.0.0.Alpha2.jar:/Users/mathias/.m2/repository/jakarta/enterprise/jakarta.enterprise.cdi-api/4.0.1/jakarta.enterprise.cdi-api-4.0.1.jar:/Users/mathias/.m2/repository/jakarta/enterprise/jakarta.enterprise.lang-model/4.0.1/jakarta.enterprise.lang-model-4.0.1.jar:/Users/mathias/.m2/repository/jakarta/el/jakarta.el-api/5.0.0/jakarta.el-api-5.0.0.jar:/Users/mathias/.m2/repository/jakarta/interceptor/jakarta.interceptor-api/2.1.0/jakarta.interceptor-api-2.1.0.jar:/Users/mathias/.m2/repository/jakarta/inject/jakarta.inject-api/2.0.1/jakarta.inject-api-2.0.1.jar:/Users/mathias/.m2/repository/io/quarkus/quarkus-ide-launcher/3.0.0.Alpha2/quarkus-ide-launcher-3.0.0.Alpha2.jar:/Users/mathias/.m2/repository/io/quarkus/quarkus-development-mode-spi/3.0.0.Alpha2/quarkus-development-mode-spi-3.0.0.Alpha2.jar:/Users/mathias/.m2/repository/io/smallrye/config/smallrye-config/3.0.0/smallrye-config-3.0.0.jar:/Users/mathias/.m2/repository/io/smallrye/config/smallrye-config-core/3.0.0/smallrye-config-core-3.0.0.jar:/Users/mathias/.m2/repository/io/smallrye/common/smallrye-common-expression/2.0.0/smallrye-common-expression-2.0.0.jar:/Users/mathias/.m2/repository/io/smallrye/common/smallrye-common-function/2.0.0/smallrye-common-function-2.0.0.jar:/Users/mathias/.m2/repository/io/smallrye/common/smallrye-common-classloader/2.0.0/smallrye-common-classloader-2.0.0.jar:/Users/mathias/.m2/repository/org/ow2/asm/asm/9.3/asm-9.3.jar:/Users/mathias/.m2/repository/io/smallrye/config/smallrye-config-common/3.0.0/smallrye-config-common-3.0.0.jar:/Users/mathias/.m2/repository/org/jboss/logmanager/jboss-logmanager-embedded/1.1.1/jboss-logmanager-embedded-1.1.1.jar:/Users/mathias/.m2/repository/org/jboss/logging/jboss-logging-annotations/2.2.1.Final/jboss-logging-annotations-2.2.1.Final.jar:/Users/mathias/.m2/repository/org/jboss/threads/jboss-threads/3.4.3.Final/jboss-threads-3.4.3.Final.jar:/Users/mathias/.m2/repository/org/slf4j/slf4j-api/1.7.36/slf4j-api-1.7.36.jar:/Users/mathias/.m2/repository/org/jboss/slf4j/slf4j-jboss-logmanager/1.2.0.Final/slf4j-jboss-logmanager-1.2.0.Final.jar:/Users/mathias/.m2/repository/org/graalvm/sdk/graal-sdk/22.3.0/graal-sdk-22.3.0.jar:/Users/mathias/.m2/repository/org/wildfly/common/wildfly-common/1.5.4.Final-format-001/wildfly-common-1.5.4.Final-format-001.jar:/Users/mathias/.m2/repository/io/quarkus/quarkus-bootstrap-runner/3.0.0.Alpha2/quarkus-bootstrap-runner-3.0.0.Alpha2.jar:/Users/mathias/.m2/repository/io/smallrye/common/smallrye-common-io/2.0.0/smallrye-common-io-2.0.0.jar:/Users/mathias/.m2/repository/io/quarkus/quarkus-fs-util/0.0.9/quarkus-fs-util-0.0.9.jar:/Users/mathias/.m2/repository/io/quarkus/quarkus-arc/3.0.0.Alpha2/quarkus-arc-3.0.0.Alpha2.jar:/Users/mathias/.m2/repository/io/quarkus/arc/arc/3.0.0.Alpha2/arc-3.0.0.Alpha2.jar:/Users/mathias/.m2/repository/jakarta/transaction/jakarta.transaction-api/2.0.1/jakarta.transaction-api-2.0.1.jar:/Users/mathias/.m2/repository/org/eclipse/microprofile/context-propagation/microprofile-context-propagation-api/1.3/microprofile-context-propagation-api-1.3.jar:/Users/mathias/.m2/repository/io/quarkus/quarkus-jsonp/3.0.0.Alpha2/quarkus-jsonp-3.0.0.Alpha2.jar:/Users/mathias/.m2/repository/org/jboss/resteasy/resteasy-json-binding-provider/6.2.1.Final/resteasy-json-binding-provider-6.2.1.Final.jar:/Users/mathias/.m2/repository/org/eclipse/parsson/parsson/1.1.1/parsson-1.1.1.jar:/Users/mathias/.m2/repository/jakarta/json/bind/jakarta.json.bind-api/3.0.0/jakarta.json.bind-api-3.0.0.jar:/Users/mathias/.m2/repository/org/jboss/resteasy/resteasy-json-p-provider/6.2.1.Final/resteasy-json-p-provider-6.2.1.Final.jar:/Users/mathias/.m2/repository/jakarta/json/jakarta.json-api/2.1.1/jakarta.json-api-2.1.1.jar:/Users/mathias/.m2/repository/commons-io/commons-io/2.11.0/commons-io-2.11.0.jar:/Users/mathias/.m2/repository/io/quarkus/quarkus-resteasy-jaxb/3.0.0.Alpha2/quarkus-resteasy-jaxb-3.0.0.Alpha2.jar:/Users/mathias/.m2/repository/io/quarkus/quarkus-jaxb/3.0.0.Alpha2/quarkus-jaxb-3.0.0.Alpha2.jar:/Users/mathias/.m2/repository/io/quarkus/quarkus-jaxp/3.0.0.Alpha2/quarkus-jaxp-3.0.0.Alpha2.jar:/Users/mathias/.m2/repository/org/glassfish/jaxb/jaxb-runtime/4.0.1/jaxb-runtime-4.0.1.jar:/Users/mathias/.m2/repository/org/glassfish/jaxb/jaxb-core/4.0.1/jaxb-core-4.0.1.jar:/Users/mathias/.m2/repository/org/glassfish/jaxb/txw2/4.0.1/txw2-4.0.1.jar:/Users/mathias/.m2/repository/com/sun/istack/istack-commons-runtime/4.1.1/istack-commons-runtime-4.1.1.jar:/Users/mathias/.m2/repository/org/jboss/resteasy/resteasy-jaxb-provider/6.2.1.Final/resteasy-jaxb-provider-6.2.1.Final.jar:/Users/mathias/.m2/repository/org/glassfish/jaxb/codemodel/4.0.1/codemodel-4.0.1.jar:/Users/mathias/.m2/repository/org/glassfish/jaxb/jaxb-jxc/4.0.1/jaxb-jxc-4.0.1.jar:/Users/mathias/.m2/repository/org/glassfish/jaxb/jaxb-xjc/4.0.1/jaxb-xjc-4.0.1.jar:/Users/mathias/.m2/repository/org/glassfish/jaxb/xsom/4.0.1/xsom-4.0.1.jar:/Users/mathias/.m2/repository/com/sun/istack/istack-commons-tools/4.1.1/istack-commons-tools-4.1.1.jar:/Users/mathias/.m2/repository/com/sun/xml/bind/external/relaxng-datatype/4.0.1/relaxng-datatype-4.0.1.jar:/Users/mathias/.m2/repository/com/sun/xml/bind/external/rngom/4.0.1/rngom-4.0.1.jar:/Users/mathias/.m2/repository/org/eclipse/angus/angus-activation/1.0.0/angus-activation-1.0.0.jar:/Users/mathias/.m2/repository/jakarta/xml/bind/jakarta.xml.bind-api/4.0.0/jakarta.xml.bind-api-4.0.0.jar:/Users/mathias/.m2/repository/io/cucumber/cucumber-java/7.9.0/cucumber-java-7.9.0.jar:/Users/mathias/.m2/repository/io/cucumber/cucumber-core/7.9.0/cucumber-core-7.9.0.jar:/Users/mathias/.m2/repository/io/cucumber/cucumber-gherkin/7.9.0/cucumber-gherkin-7.9.0.jar:/Users/mathias/.m2/repository/io/cucumber/cucumber-gherkin-messages/7.9.0/cucumber-gherkin-messages-7.9.0.jar:/Users/mathias/.m2/repository/io/cucumber/gherkin/24.1.0/gherkin-24.1.0.jar:/Users/mathias/.m2/repository/io/cucumber/messages/19.1.4/messages-19.1.4.jar:/Users/mathias/.m2/repository/io/cucumber/tag-expressions/4.1.0/tag-expressions-4.1.0.jar:/Users/mathias/.m2/repository/io/cucumber/cucumber-expressions/16.0.0/cucumber-expressions-16.0.0.jar:/Users/mathias/.m2/repository/io/cucumber/datatable/7.9.0/datatable-7.9.0.jar:/Users/mathias/.m2/repository/io/cucumber/cucumber-plugin/7.9.0/cucumber-plugin-7.9.0.jar:/Users/mathias/.m2/repository/io/cucumber/docstring/7.9.0/docstring-7.9.0.jar:/Users/mathias/.m2/repository/io/cucumber/html-formatter/20.1.0/html-formatter-20.1.0.jar:/Users/mathias/.m2/repository/io/cucumber/ci-environment/9.1.0/ci-environment-9.1.0.jar:/Users/mathias/.m2/repository/org/apiguardian/apiguardian-api/1.1.2/apiguardian-api-1.1.2.jar:/Users/mathias/.m2/repository/io/cucumber/cucumber-junit/7.9.0/cucumber-junit-7.9.0.jar:/Users/mathias/.m2/repository/junit/junit/4.13.2/junit-4.13.2.jar:/Users/mathias/.m2/repository/org/hamcrest/hamcrest-core/1.3/hamcrest-core-1.3.jar:/Users/mathias/.m2/repository/io/cucumber/cucumber-picocontainer/7.9.0/cucumber-picocontainer-7.9.0.jar:/Users/mathias/.m2/repository/org/picocontainer/picocontainer/2.15/picocontainer-2.15.jar:/Users/mathias/.m2/repository/org/junit/jupiter/junit-jupiter-engine/5.9.1/junit-jupiter-engine-5.9.1.jar:/Users/mathias/.m2/repository/org/junit/platform/junit-platform-engine/1.9.1/junit-platform-engine-1.9.1.jar:/Users/mathias/.m2/repository/org/opentest4j/opentest4j/1.2.0/opentest4j-1.2.0.jar:/Users/mathias/.m2/repository/org/junit/platform/junit-platform-commons/1.9.1/junit-platform-commons-1.9.1.jar:/Users/mathias/.m2/repository/org/junit/jupiter/junit-jupiter-api/5.9.1/junit-jupiter-api-5.9.1.jar:/Users/mathias/.m2/repository/org/junit/vintage/junit-vintage-engine/5.9.1/junit-vintage-engine-5.9.1.jar:/Users/mathias/.m2/repository/org/junit/platform/junit-platform-runner/1.9.1/junit-platform-runner-1.9.1.jar:/Users/mathias/.m2/repository/org/junit/platform/junit-platform-launcher/1.9.1/junit-platform-launcher-1.9.1.jar:/Users/mathias/.m2/repository/org/junit/platform/junit-platform-suite-api/1.9.1/junit-platform-suite-api-1.9.1.jar:/Users/mathias/.m2/repository/org/junit/platform/junit-platform-suite-commons/1.9.1/junit-platform-suite-commons-1.9.1.jar:/Users/mathias/.m2/repository/org/mockito/mockito-core/4.8.1/mockito-core-4.8.1.jar:/Users/mathias/.m2/repository/net/bytebuddy/byte-buddy/1.12.16/byte-buddy-1.12.16.jar:/Users/mathias/.m2/repository/net/bytebuddy/byte-buddy-agent/1.12.16/byte-buddy-agent-1.12.16.jar:/Users/mathias/.m2/repository/org/objenesis/objenesis/3.2/objenesis-3.2.jar:"/>
    <property name="sun.cpu.endian" value="little"/>
    <property name="user.home" value="/Users/mathias"/>
    <property name="user.language" value="en"/>
    <property name="java.specification.vendor" value="Oracle Corporation"/>
    <property name="java.version.date" value="2020-07-14"/>
    <property name="java.home" value="/Users/mathias/.p2/pool/plugins/org.eclipse.justj.openjdk.hotspot.jre.full.macosx.x86_64_14.0.2.v20200815-0932/jre"/>
    <property name="file.separator" value="/"/>
    <property name="basedir" value="/Users/mathias/OneDrive - Danmarks Tekniske Universitet/DTU/Web Design/Exercises/CucumberExample"/>
    <property name="java.vm.compressedOopsMode" value="Zero based"/>
    <property name="line.separator" value="&#10;"/>
    <property name="java.specification.name" value="Java Platform API Specification"/>
    <property name="java.vm.specification.vendor" value="Oracle Corporation"/>
    <property name="surefire.real.class.path" value="/Users/mathias/OneDrive - Danmarks Tekniske Universitet/DTU/Web Design/Exercises/CucumberExample/target/surefire/surefirebooter12134549809304820051.jar"/>
    <property name="sun.management.compiler" value="HotSpot 64-Bit Tiered Compilers"/>
    <property name="ftp.nonProxyHosts" value="local|*.local|169.254/16|*.169.254/16"/>
    <property name="java.runtime.version" value="14.0.2+12-46"/>
    <property name="user.name" value="mathias"/>
    <property name="path.separator" value=":"/>
    <property name="os.version" value="10.16"/>
    <property name="java.runtime.name" value="OpenJDK Runtime Environment"/>
    <property name="file.encoding" value="UTF-8"/>
    <property name="java.vm.name" value="OpenJDK 64-Bit Server VM"/>
    <property name="localRepository" value="/Users/mathias/.m2/repository"/>
    <property name="java.vendor.url.bug" value="https://bugreport.java.com/bugreport/"/>
    <property name="java.io.tmpdir" value="/var/folders/hl/t58hdpwd1_ggmmgqpyzyn7yc0000gp/T/"/>
    <property name="java.version" value="14.0.2"/>
    <property name="user.dir" value="/Users/mathias/OneDrive - Danmarks Tekniske Universitet/DTU/Web Design/Exercises/CucumberExample"/>
    <property name="os.arch" value="x86_64"/>
    <property name="java.vm.specification.name" value="Java Virtual Machine Specification"/>
    <property name="java.library.path" value="/Users/mathias/Library/Java/Extensions:/Library/Java/Extensions:/Network/Library/Java/Extensions:/System/Library/Java/Extensions:/usr/lib/java:."/>
    <property name="java.vm.info" value="mixed mode"/>
    <property name="java.vendor" value="Oracle Corporation"/>
    <property name="java.vm.version" value="14.0.2+12-46"/>
    <property name="sun.io.unicode.encoding" value="UnicodeBig"/>
    <property name="socksNonProxyHosts" value="local|*.local|169.254/16|*.169.254/16"/>
    <property name="java.class.version" value="58.0"/>
  </properties>
  <testcase name="hello service retuns correct answer" classname="dtu.example.CucumberTest" time="0.986"/>
</testsuite>